2008.02.13 15:46:45.906 CET INFO: *** SYSTEM START ***
2008.02.13 15:46:46.796 CET WARNING: [Local Folder Repository] The specified file must be a directory. (D:\LEODATA\0eLearning Job\NetBeansProjects\ArchetypeOntologizer\plugins\edu.stanford.smi.protegex.owl) -- LocalFolderRepository.update()
2008.02.13 15:46:46.953 CET INFO: Loading triples -- ProtegeOWLParser.loadTriples()
2008.02.13 15:46:47.046 CET INFO: Start processing ontology: http://dummy-ontologies.com/dummy.owl Time: Wed Feb 13 15:46:47 CET 2008 -- ProtegeOWLParser.loadTriples()
2008.02.13 15:46:47.265 CET INFO: [ProtegeOWLParser] Importing http://trajano.us.es/~isabel/EHR/EHR_RM.owl (from D:\LEODATA\0eLearning Job\CISEP\OpenEHR\IsabelOntos\EHR_RM.owl) -- DefaultProtegeOWLParserLogger.logImport()
2008.02.13 15:46:47.437 CET INFO: [ProtegeOWLParser] Importing http://trajano.us.es/~isabel/EHR/Demographic_RM.owl (from D:\LEODATA\0eLearning Job\CISEP\OpenEHR\IsabelOntos\Demographic_RM.owl) -- DefaultProtegeOWLParserLogger.logImport()
2008.02.13 15:46:47.531 CET INFO: [ProtegeOWLParser] Importing http://trajano.us.es/~isabel/EHR/Data_Structures_RM.owl (from D:\LEODATA\0eLearning Job\CISEP\OpenEHR\IsabelOntos\Data_Structures_RM.owl) -- DefaultProtegeOWLParserLogger.logImport()
2008.02.13 15:46:47.687 CET INFO: [ProtegeOWLParser] Importing http://protege.stanford.edu/plugins/owl/protege (from D:\LEODATA\0eLearning Job\CISEP\OpenEHR\IsabelOntos\protege.owl) -- DefaultProtegeOWLParserLogger.logImport()
2008.02.13 15:46:47.718 CET INFO: [ProtegeOWLParser] Importing http://trajano.us.es/~isabel/EHR/Common_RM.owl (from D:\LEODATA\0eLearning Job\CISEP\OpenEHR\IsabelOntos\Common_RM.owl) -- DefaultProtegeOWLParserLogger.logImport()
2008.02.13 15:46:47.781 CET INFO: [ProtegeOWLParser] Importing http://trajano.us.es/~isabel/EHR/Data_Types_RM.owl (from D:\LEODATA\0eLearning Job\CISEP\OpenEHR\IsabelOntos\Data_Types_RM.owl) -- DefaultProtegeOWLParserLogger.logImport()
2008.02.13 15:46:48.062 CET INFO: [ProtegeOWLParser] Importing http://trajano.us.es/~isabel/EHR/Support_RM.owl (from D:\LEODATA\0eLearning Job\CISEP\OpenEHR\IsabelOntos\Support_RM.owl) -- DefaultProtegeOWLParserLogger.logImport()
2008.02.13 15:46:48.093 CET INFO: [ProtegeOWLParser] Completed triple loading after 1047 ms -- ProtegeOWLParser.loadTriples()
2008.02.13 15:46:48.203 CET INFO: [TripleChangePostProcessor] Completed lists after 0 ms -- TripleChangePostProcessor.log()
2008.02.13 15:46:48.234 CET INFO: [TripleChangePostProcessor] Completed anonymous classes after 31 ms -- TripleChangePostProcessor.log()
2008.02.13 15:46:48.234 CET INFO: [TripleChangePostProcessor] Completed deprecated classes after 0 ms -- TripleChangePostProcessor.log()
2008.02.13 15:46:48.312 CET INFO: [TripleChangePostProcessor] Completed properties after 78 ms -- TripleChangePostProcessor.log()
2008.02.13 15:46:48.328 CET INFO: [TripleChangePostProcessor] Completed named classes after 16 ms -- TripleChangePostProcessor.log()
2008.02.13 15:46:48.343 CET INFO: ... Loading completed after 1297 ms -- ProtegeOWLParser.loadTriples()
2008.02.13 15:48:28.390 CET INFO: *** SYSTEM START ***
2008.02.13 15:48:29.281 CET WARNING: [Local Folder Repository] The specified file must be a directory. (D:\LEODATA\0eLearning Job\NetBeansProjects\ArchetypeOntologizer\plugins\edu.stanford.smi.protegex.owl) -- LocalFolderRepository.update()
2008.02.13 15:48:29.437 CET INFO: Loading triples -- ProtegeOWLParser.loadTriples()
2008.02.13 15:48:29.531 CET INFO: Start processing ontology: http://dummy-ontologies.com/dummy.owl Time: Wed Feb 13 15:48:29 CET 2008 -- ProtegeOWLParser.loadTriples()
2008.02.13 15:48:29.750 CET INFO: [ProtegeOWLParser] Importing http://trajano.us.es/~isabel/EHR/EHR_RM.owl (from D:\LEODATA\0eLearning Job\CISEP\OpenEHR\IsabelOntos\EHR_RM.owl) -- DefaultProtegeOWLParserLogger.logImport()
2008.02.13 15:48:29.921 CET INFO: [ProtegeOWLParser] Importing http://protege.stanford.edu/plugins/owl/protege (from D:\LEODATA\0eLearning Job\CISEP\OpenEHR\IsabelOntos\protege.owl) -- DefaultProtegeOWLParserLogger.logImport()
2008.02.13 15:48:29.968 CET INFO: [ProtegeOWLParser] Importing http://trajano.us.es/~isabel/EHR/Demographic_RM.owl (from D:\LEODATA\0eLearning Job\CISEP\OpenEHR\IsabelOntos\Demographic_RM.owl) -- DefaultProtegeOWLParserLogger.logImport()
2008.02.13 15:48:30.046 CET INFO: [ProtegeOWLParser] Importing http://trajano.us.es/~isabel/EHR/Data_Structures_RM.owl (from D:\LEODATA\0eLearning Job\CISEP\OpenEHR\IsabelOntos\Data_Structures_RM.owl) -- DefaultProtegeOWLParserLogger.logImport()
2008.02.13 15:48:30.218 CET INFO: [ProtegeOWLParser] Importing http://trajano.us.es/~isabel/EHR/Common_RM.owl (from D:\LEODATA\0eLearning Job\CISEP\OpenEHR\IsabelOntos\Common_RM.owl) -- DefaultProtegeOWLParserLogger.logImport()
2008.02.13 15:48:30.281 CET INFO: [ProtegeOWLParser] Importing http://trajano.us.es/~isabel/EHR/Data_Types_RM.owl (from D:\LEODATA\0eLearning Job\CISEP\OpenEHR\IsabelOntos\Data_Types_RM.owl) -- DefaultProtegeOWLParserLogger.logImport()
2008.02.13 15:48:30.562 CET INFO: [ProtegeOWLParser] Importing http://trajano.us.es/~isabel/EHR/Support_RM.owl (from D:\LEODATA\0eLearning Job\CISEP\OpenEHR\IsabelOntos\Support_RM.owl) -- DefaultProtegeOWLParserLogger.logImport()
2008.02.13 15:48:30.609 CET INFO: [ProtegeOWLParser] Completed triple loading after 1078 ms -- ProtegeOWLParser.loadTriples()
2008.02.13 15:48:30.703 CET INFO: [TripleChangePostProcessor] Completed lists after 0 ms -- TripleChangePostProcessor.log()
2008.02.13 15:48:30.734 CET INFO: [TripleChangePostProcessor] Completed anonymous classes after 16 ms -- TripleChangePostProcessor.log()
2008.02.13 15:48:30.734 CET INFO: [TripleChangePostProcessor] Completed deprecated classes after 0 ms -- TripleChangePostProcessor.log()
2008.02.13 15:48:30.812 CET INFO: [TripleChangePostProcessor] Completed properties after 78 ms -- TripleChangePostProcessor.log()
2008.02.13 15:48:30.843 CET INFO: [TripleChangePostProcessor] Completed named classes after 31 ms -- TripleChangePostProcessor.log()
2008.02.13 15:48:30.843 CET INFO: ... Loading completed after 1312 ms -- ProtegeOWLParser.loadTriples()
2008.03.05 12:37:04.343 CET INFO: *** SYSTEM START ***
2008.03.05 12:37:05.312 CET WARNING: [Local Folder Repository] The specified file must be a directory. (D:\LEODATA\0eLearning Job\NetBeansProjects\ArchetypeOntologizer\plugins\edu.stanford.smi.protegex.owl) -- LocalFolderRepository.update()
2008.03.05 12:37:05.453 CET INFO: Loading triples -- ProtegeOWLParser.loadTriples()
2008.03.05 12:37:05.562 CET INFO: Start processing ontology: http://dummy-ontologies.com/dummy.owl Time: Wed Mar 05 12:37:05 CET 2008 -- ProtegeOWLParser.loadTriples()
2008.03.05 12:37:05.828 CET INFO: [ProtegeOWLParser] Importing http://trajano.us.es/~isabel/EHR/EHR_RM.owl (from D:\LEODATA\0eLearning Job\NetBeansProjects\ArchetypeOntologizer\.\Repository\IsabelOntos\EHR_RM.owl) -- DefaultProtegeOWLParserLogger.logImport()
2008.03.05 12:37:06.015 CET INFO: [ProtegeOWLParser] Importing http://trajano.us.es/~isabel/EHR/Demographic_RM.owl (from D:\LEODATA\0eLearning Job\NetBeansProjects\ArchetypeOntologizer\.\Repository\IsabelOntos\Demographic_RM.owl) -- DefaultProtegeOWLParserLogger.logImport()
2008.03.05 12:37:06.109 CET INFO: [ProtegeOWLParser] Importing http://trajano.us.es/~isabel/EHR/Data_Structures_RM.owl (from D:\LEODATA\0eLearning Job\NetBeansProjects\ArchetypeOntologizer\.\Repository\IsabelOntos\Data_Structures_RM.owl) -- DefaultProtegeOWLParserLogger.logImport()
2008.03.05 12:37:06.187 CET INFO: [ProtegeOWLParser] Importing http://protege.stanford.edu/plugins/owl/protege (from D:\LEODATA\0eLearning Job\NetBeansProjects\ArchetypeOntologizer\.\Repository\IsabelOntos\protege.owl) -- DefaultProtegeOWLParserLogger.logImport()
2008.03.05 12:37:06.312 CET INFO: [ProtegeOWLParser] Importing http://trajano.us.es/~isabel/EHR/Common_RM.owl (from D:\LEODATA\0eLearning Job\NetBeansProjects\ArchetypeOntologizer\.\Repository\IsabelOntos\Common_RM.owl) -- DefaultProtegeOWLParserLogger.logImport()
2008.03.05 12:37:06.375 CET INFO: [ProtegeOWLParser] Importing http://trajano.us.es/~isabel/EHR/Data_Types_RM.owl (from D:\LEODATA\0eLearning Job\NetBeansProjects\ArchetypeOntologizer\.\Repository\IsabelOntos\Data_Types_RM.owl) -- DefaultProtegeOWLParserLogger.logImport()
2008.03.05 12:37:06.687 CET INFO: [ProtegeOWLParser] Importing http://trajano.us.es/~isabel/EHR/Support_RM.owl (from D:\LEODATA\0eLearning Job\NetBeansProjects\ArchetypeOntologizer\.\Repository\IsabelOntos\Support_RM.owl) -- DefaultProtegeOWLParserLogger.logImport()
2008.03.05 12:37:06.734 CET INFO: [ProtegeOWLParser] Completed triple loading after 1172 ms -- ProtegeOWLParser.loadTriples()
2008.03.05 12:37:06.843 CET INFO: [TripleChangePostProcessor] Completed lists after 0 ms -- TripleChangePostProcessor.log()
2008.03.05 12:37:06.859 CET INFO: [TripleChangePostProcessor] Completed anonymous classes after 16 ms -- TripleChangePostProcessor.log()
2008.03.05 12:37:06.875 CET INFO: [TripleChangePostProcessor] Completed deprecated classes after 16 ms -- TripleChangePostProcessor.log()
2008.03.05 12:37:06.937 CET INFO: [TripleChangePostProcessor] Completed properties after 62 ms -- TripleChangePostProcessor.log()
2008.03.05 12:37:06.968 CET INFO: [TripleChangePostProcessor] Completed named classes after 31 ms -- TripleChangePostProcessor.log()
2008.03.05 12:37:06.968 CET INFO: ... Loading completed after 1406 ms -- ProtegeOWLParser.loadTriples()
2008.03.10 13:28:16.046 CET INFO: *** SYSTEM START ***
2008.03.10 13:28:16.968 CET WARNING: [Local Folder Repository] The specified file must be a directory. (D:\LEODATA\0eLearning Job\NetBeansProjects\ArchetypeOntologizer\plugins\edu.stanford.smi.protegex.owl) -- LocalFolderRepository.update()
2008.03.10 13:28:17.109 CET INFO: Loading triples -- ProtegeOWLParser.loadTriples()
2008.03.10 13:28:17.218 CET INFO: Start processing ontology: http://dummy-ontologies.com/dummy.owl Time: Mon Mar 10 13:28:17 CET 2008 -- ProtegeOWLParser.loadTriples()
2008.03.10 13:28:17.437 CET INFO: [ProtegeOWLParser] Importing http://trajano.us.es/~isabel/EHR/EHR_RM.owl (from D:\LEODATA\0eLearning Job\NetBeansProjects\ArchetypeOntologizer\.\Repository\IsabelOntos\EHR_RM.owl) -- DefaultProtegeOWLParserLogger.logImport()
2008.03.10 13:28:17.593 CET INFO: [ProtegeOWLParser] Importing http://trajano.us.es/~isabel/EHR/Demographic_RM.owl (from D:\LEODATA\0eLearning Job\NetBeansProjects\ArchetypeOntologizer\.\Repository\IsabelOntos\Demographic_RM.owl) -- DefaultProtegeOWLParserLogger.logImport()
2008.03.10 13:28:17.687 CET INFO: [ProtegeOWLParser] Importing http://trajano.us.es/~isabel/EHR/Data_Structures_RM.owl (from D:\LEODATA\0eLearning Job\NetBeansProjects\ArchetypeOntologizer\.\Repository\IsabelOntos\Data_Structures_RM.owl) -- DefaultProtegeOWLParserLogger.logImport()
2008.03.10 13:28:17.765 CET INFO: [ProtegeOWLParser] Importing http://protege.stanford.edu/plugins/owl/protege (from D:\LEODATA\0eLearning Job\NetBeansProjects\ArchetypeOntologizer\.\Repository\IsabelOntos\protege.owl) -- DefaultProtegeOWLParserLogger.logImport()
2008.03.10 13:28:17.890 CET INFO: [ProtegeOWLParser] Importing http://trajano.us.es/~isabel/EHR/Common_RM.owl (from D:\LEODATA\0eLearning Job\NetBeansProjects\ArchetypeOntologizer\.\Repository\IsabelOntos\Common_RM.owl) -- DefaultProtegeOWLParserLogger.logImport()
2008.03.10 13:28:17.937 CET INFO: [ProtegeOWLParser] Importing http://trajano.us.es/~isabel/EHR/Data_Types_RM.owl (from D:\LEODATA\0eLearning Job\NetBeansProjects\ArchetypeOntologizer\.\Repository\IsabelOntos\Data_Types_RM.owl) -- DefaultProtegeOWLParserLogger.logImport()
2008.03.10 13:28:18.234 CET INFO: [ProtegeOWLParser] Importing http://trajano.us.es/~isabel/EHR/Support_RM.owl (from D:\LEODATA\0eLearning Job\NetBeansProjects\ArchetypeOntologizer\.\Repository\IsabelOntos\Support_RM.owl) -- DefaultProtegeOWLParserLogger.logImport()
2008.03.10 13:28:18.281 CET INFO: [ProtegeOWLParser] Completed triple loading after 1078 ms -- ProtegeOWLParser.loadTriples()
2008.03.10 13:28:18.390 CET INFO: [TripleChangePostProcessor] Completed lists after 0 ms -- TripleChangePostProcessor.log()
2008.03.10 13:28:18.406 CET INFO: [TripleChangePostProcessor] Completed anonymous classes after 16 ms -- TripleChangePostProcessor.log()
2008.03.10 13:28:18.421 CET INFO: [TripleChangePostProcessor] Completed deprecated classes after 15 ms -- TripleChangePostProcessor.log()
2008.03.10 13:28:18.484 CET INFO: [TripleChangePostProcessor] Completed properties after 63 ms -- TripleChangePostProcessor.log()
2008.03.10 13:28:18.515 CET INFO: [TripleChangePostProcessor] Completed named classes after 31 ms -- TripleChangePostProcessor.log()
2008.03.10 13:28:18.515 CET INFO: ... Loading completed after 1312 ms -- ProtegeOWLParser.loadTriples()
